[2J[01;01H[=3h[2J[01;01H[2J[01;01H[8;042;160t0[2J[01;01H[2J[01;01H[8;056;240t0[2J[01;01HBdsDxe: loading Boot0001 "UEFI QEMU HARDDISK QM00001 " from PciRoot(0x0)/Pci(0x1F,0x2)/Sata(0x0,0xFFFF,0x0)
BdsDxe: starting Boot0001 "UEFI QEMU HARDDISK QM00001 " from PciRoot(0x0)/Pci(0x1F,0x2)/Sata(0x0,0xFFFF,0x0)
[2J[01;01Hnvme_driver: starting
nvme: version 1.4
nvme: controller enabled
nvme: namespaces=256
nvme: ns1 lba_size=512 blocks=131072
nvme: I/O queues created
nvme: test read LBA 0 success
fs: mounted existing filesystem
nvme_driver: filesystem ready
TEST: mkdir /testdir... OK
TEST: mkfile /testdir/hello... OK
TEST: write /testdir/hello offset=0... OK
TEST: read /testdir/hello offset=0 size=11... OK
TEST: read offset=6 size=5... OK
TEST: write offset=6 overwrite... OK
TEST: read after overwrite... OK
TEST: stat /testdir/hello... OK
TEST: stat /testdir... OK
TEST: ls /testdir... OK
TEST: rename /testdir/hello -> /testdir/greeting... OK
TEST: read /testdir/greeting... OK
TEST: ls /testdir after rename... OK
TEST: truncate /testdir/greeting to 5... OK
TEST: read after truncate... OK
TEST: rmfile /testdir/greeting... OK
TEST: rmdir /testdir... OK
TEST: all filesystem tests complete
nvme_driver: broadcast ok
nvme_driver: fs client connected
K: USER_PF pid=7 addr=0x46066dac000 w=false x=false
nvme_driver: starting
nvme: version 1.4
nvme: controller enabled
nvme: namespaces=256
nvme: ns1 lba_size=512 blocks=131072
nvme: I/O queues created
nvme: test read LBA 0 success
fs: mounted existing filesystem
nvme_driver: filesystem ready
TEST: mkdir /testdir... OK
TEST: mkfile /testdir/hello... OK
TEST: write /testdir/hello offset=0... OK
TEST: read /testdir/hello offset=0 size=11... OK
TEST: read offset=6 size=5... OK
TEST: write offset=6 overwrite... OK
TEST: read after overwrite... OK
TEST: stat /testdir/hello... OK
TEST: stat /testdir... OK
TEST: ls /testdir... OK
TEST: rename /testdir/hello -> /testdir/greeting... OK
TEST: read /testdir/greeting... OK
TEST: ls /testdir after rename... OK
TEST: truncate /testdir/greeting to 5... OK
TEST: read after truncate... OK
TEST: rmfile /testdir/greeting... OK
TEST: rmdir /testdir... OK
TEST: all filesystem tests complete
nvme_driver: FAIL broadcast
