[2J[01;01H[=3h[2J[01;01H[2J[01;01H[8;042;160t0[2J[01;01H[2J[01;01H[8;056;240t0[2J[01;01HBdsDxe: loading Boot0002 "UEFI QEMU HARDDISK QM00001 " from PciRoot(0x0)/Pci(0x1F,0x2)/Sata(0x0,0xFFFF,0x0)
BdsDxe: starting Boot0002 "UEFI QEMU HARDDISK QM00001 " from PciRoot(0x0)/Pci(0x1F,0x2)/Sata(0x0,0xFFFF,0x0)
[2J[01;01H[ZAG] boot start
[ZAG] page tables
[ZAG] physmap
[ZAG] loading files
[ZAG] kernel.elf
[ZAG] root_service
[ZAG] ELF parsed
[ZAG] KASLR slide
[ZAG] KASLR reloc
[ZAG] sections
[ZAG] mapped
[ZAG] stack
[ZAG] exit BS
0081>KTMm0081|aA[0081 (.................................................................................................................................]b0123E................................................................................................................................................................E...................................................................................................................................................................................................................................................................E...E.....E..................................................................................................................................................................................................................................................................................................................................................................................................................................................................................................................................................................................................................................................................................................................................................................................................................................E...........................................................................................................................................................................................................................................................................................................................................................................................................................................................................................................................................................................................................................E.............................................................................................................................................................................................................................................................................................................................................................................................................................................E.E........E..E........................................................................................................................................................................................................................................................................................................................................................................................................................................................................................................................................................................................................................................................................................................................................................................................E..................................................................................................................................................................................................................................................E..................E...................................................................................................................................................E.....................................................................cdefgijhHIJKLNOPQRSU[KPROF] begin cpus=4 mode=sample reason=log_full
[KPROF] name id=1 name=syscall_dispatch
[KPROF] name id=2 name=sys_proc_create
[KPROF] name id=3 name=sys_thread_create
[KPROF] name id=4 name=sys_thread_exit
[KPROF] name id=5 name=sys_thread_suspend
[KPROF] name id=6 name=sys_thread_resume
[KPROF] name id=7 name=sys_thread_kill
[KPROF] name id=8 name=sys_mem_reserve
[KPROF] name id=9 name=sys_mem_unmap
[KPROF] name id=10 name=sys_ipc_send
[KPROF] name id=11 name=sys_ipc_call
[KPROF] name id=12 name=sys_ipc_recv
[KPROF] name id=13 name=sys_ipc_reply
[KPROF] name id=14 name=sys_fault_recv
[KPROF] name id=15 name=sys_fault_reply
[KPROF] name id=16 name=sys_vm_vcpu_run
[KPROF] name id=17 name=sys_revoke_perm
[KPROF] name id=100 name=handle_page_fault
[KPROF] name id=101 name=page_fault_hw
[KPROF] name id=102 name=map_page
[KPROF] name id=103 name=unmap_page
[KPROF] name id=104 name=tlb_shootdown
[KPROF] name id=105 name=vmm_remove_range
[KPROF] name id=200 name=sched_timer_tick
[KPROF] name id=201 name=sched_switch
[KPROF] name id=202 name=sched_switch_direct
[KPROF] name id=203 name=sched_yield
[KPROF] name id=204 name=sched_enqueue
[KPROF] name id=205 name=sched_pin_exclusive
[KPROF] name id=206 name=sched_unpin_exclusive
[KPROF] name id=207 name=sched_unpin_revoke
[KPROF] name id=208 name=sched_try_steal
[KPROF] name id=209 name=sched_switch_pmu
[KPROF] name id=210 name=sched_remove_run_queue
[KPROF] name id=211 name=sched_arm_timer
[KPROF] name id=300 name=proc_load_elf
[KPROF] name id=301 name=proc_apply_relocations
[KPROF] name id=400 name=vm_exit
[KPROF] cpu_begin cpu=0 records=128 overflowed=1
[KPROF] rec cpu=0 tsc=2867479398 kind=4 id=0 ip=0xffffffff8001c9fa arg=0x0 sym=armInterruptTimer
[KPROF] rec cpu=0 tsc=2867488764 kind=5 id=0 ip=0xffffffff80019050 arg=0x1 sym=schedTimerHandler
[KPROF] rec cpu=0 tsc=2867489058 kind=5 id=0 ip=0xffffffff8003afef arg=0x2 sym=dispatchInterrupt
[KPROF] rec cpu=0 tsc=2867489142 kind=5 id=0 ip=0xffffffff8003a602 arg=0x3 sym=interruptStubPrologue
[KPROF] rec cpu=0 tsc=2867489226 kind=5 id=0 ip=0xffffffff8003a660 arg=0x4 sym=kTrampoline
[KPROF] rec cpu=0 tsc=2867489268 kind=5 id=0 ip=0xffffffff8003a650 arg=0x5 sym=kTrampoline
[KPROF] rec cpu=0 tsc=2867489520 kind=5 id=0 ip=0xafafafafafafafaf arg=0x6 sym=?
[KPROF] rec cpu=0 tsc=2867489604 kind=5 id=0 ip=0x3de1d018 arg=0x7 sym=?
[KPROF] rec cpu=0 tsc=2867547354 kind=4 id=0 ip=0x19e05aeb590 arg=0x0 sym=?
[KPROF] rec cpu=0 tsc=2867595486 kind=4 id=0 ip=0xffffffff8003b2d4 arg=0x0 sym=memcpyFast
[KPROF] rec cpu=0 tsc=2867595528 kind=5 id=0 ip=0xffffffff80024ae2 arg=0x1 sym=sysProcCreate
[KPROF] rec cpu=0 tsc=2867595612 kind=5 id=0 ip=0xffffffff80022bee arg=0x2 sym=syscallDispatch
[KPROF] rec cpu=0 tsc=2867595696 kind=5 id=0 ip=0xffffffff8001247f arg=0x3 sym=syscallEntry
[KPROF] rec cpu=0 tsc=2867643408 kind=4 id=0 ip=0xffffffff80030110 arg=0x0 sym=getPermByHandle
[KPROF] rec cpu=0 tsc=2867643450 kind=5 id=0 ip=0xffffffff80022bee arg=0x1 sym=syscallDispatch
[KPROF] rec cpu=0 tsc=2867643534 kind=5 id=0 ip=0xffffffff8001247f arg=0x2 sym=syscallEntry
[KPROF] rec cpu=0 tsc=2867681460 kind=4 id=0 ip=0xffffffff80016db1 arg=0x0 sym=pageFaultHandler
[KPROF] rec cpu=0 tsc=2867681544 kind=5 id=0 ip=0xffffffff8003a602 arg=0x1 sym=interruptStubPrologue
[KPROF] rec cpu=0 tsc=2867681628 kind=5 id=0 ip=0xffffffff800107f9 arg=0x2 sym=alloc__anon_7220
[KPROF] rec cpu=0 tsc=2867681670 kind=5 id=0 ip=0xffffffff80024caf arg=0x3 sym=sysProcCreate
[KPROF] rec cpu=0 tsc=2867681754 kind=5 id=0 ip=0xffffffff80022bee arg=0x4 sym=syscallDispatch
[KPROF] rec cpu=0 tsc=2867681838 kind=5 id=0 ip=0xffffffff8001247f arg=0x5 sym=syscallEntry
[KPROF] rec cpu=0 tsc=2867723082 kind=4 id=0 ip=0xffffffff8001f49e arg=0x0 sym=demandPage
[KPROF] rec cpu=0 tsc=2867723166 kind=5 id=0 ip=0xffffffff80024d0b arg=0x1 sym=sysProcCreate
[KPROF] rec cpu=0 tsc=2867723208 kind=5 id=0 ip=0xffffffff80022bee arg=0x2 sym=syscallDispatch
[KPROF] rec cpu=0 tsc=2867723292 kind=5 id=0 ip=0xffffffff8001247f arg=0x3 sym=syscallEntry
[KPROF] rec cpu=0 tsc=2867759538 kind=4 id=0 ip=0xffffffff8001f41f arg=0x0 sym=demandPage
[KPROF] rec cpu=0 tsc=2867759580 kind=5 id=0 ip=0xffffffff80024d0b arg=0x1 sym=sysProcCreate
[KPROF] rec cpu=0 tsc=2867759664 kind=5 id=0 ip=0xffffffff80022bee arg=0x2 sym=syscallDispatch
[KPROF] rec cpu=0 tsc=2867759748 kind=5 id=0 ip=0xffffffff8001247f arg=0x3 sym=syscallEntry
[KPROF] rec cpu=0 tsc=2867795994 kind=4 id=0 ip=0xffffffff8001f41f arg=0x0 sym=demandPage
[KPROF] rec cpu=0 tsc=2867796078 kind=5 id=0 ip=0xffffffff80024d0b arg=0x1 sym=sysProcCreate
[KPROF] rec cpu=0 tsc=2867796120 kind=5 id=0 ip=0xffffffff80022bee arg=0x2 sym=syscallDispatch
[KPROF] rec cpu=0 tsc=2867796204 kind=5 id=0 ip=0xffffffff8001247f arg=0x3 sym=syscallEntry
[KPROF] rec cpu=0 tsc=2867833668 kind=4 id=0 ip=0xffffffff8000fb7f arg=0x0 sym=alloc
[KPROF] rec cpu=0 tsc=2867833752 kind=5 id=0 ip=0xffffffff8001f6af arg=0x1 sym=demandPageKernel
[KPROF] rec cpu=0 tsc=2867833794 kind=5 id=0 ip=0xffffffff8001789f arg=0x2 sym=pageFaultHandler
[KPROF] rec cpu=0 tsc=2867833878 kind=5 id=0 ip=0xffffffff8003afef arg=0x3 sym=dispatchInterrupt
[KPROF] rec cpu=0 tsc=2867833962 kind=5 id=0 ip=0xffffffff8003a602 arg=0x4 sym=interruptStubPrologue
[KPROF] rec cpu=0 tsc=2867834004 kind=5 id=0 ip=0xffffffff80024d3b arg=0x5 sym=sysProcCreate
[KPROF] rec cpu=0 tsc=2867834088 kind=5 id=0 ip=0xffffffff80022bee arg=0x6 sym=syscallDispatch
[KPROF] rec cpu=0 tsc=2867834172 kind=5 id=0 ip=0xffffffff8001247f arg=0x7 sym=syscallEntry
[KPROF] rec cpu=0 tsc=2867875542 kind=4 id=0 ip=0xffffffff8003b386 arg=0x0 sym=memset
[KPROF] rec cpu=0 tsc=2867875626 kind=5 id=0 ip=0xffffffff8001789f arg=0x1 sym=pageFaultHandler
[KPROF] rec cpu=0 tsc=2867875710 kind=5 id=0 ip=0xffffffff8003afef arg=0x2 sym=dispatchInterrupt
[KPROF] rec cpu=0 tsc=2867875752 kind=5 id=0 ip=0xffffffff8003a602 arg=0x3 sym=interruptStubPrologue
[KPROF] rec cpu=0 tsc=2867875836 kind=5 id=0 ip=0xffffffff80024d3b arg=0x4 sym=sysProcCreate
[KPROF] rec cpu=0 tsc=2867875920 kind=5 id=0 ip=0xffffffff80022bee arg=0x5 sym=syscallDispatch
[KPROF] rec cpu=0 tsc=2867875962 kind=5 id=0 ip=0xffffffff8001247f arg=0x6 sym=syscallEntry
[KPROF] rec cpu=0 tsc=2867916492 kind=4 id=0 ip=0xffffffff8003b386 arg=0x0 sym=memset
[KPROF] rec cpu=0 tsc=2867916576 kind=5 id=0 ip=0xffffffff8001789f arg=0x1 sym=pageFaultHandler
[KPROF] rec cpu=0 tsc=2867916660 kind=5 id=0 ip=0xffffffff8003afef arg=0x2 sym=dispatchInterrupt
[KPROF] rec cpu=0 tsc=2867916702 kind=5 id=0 ip=0xffffffff8003a602 arg=0x3 sym=interruptStubPrologue
[KPROF] rec cpu=0 tsc=2867916786 kind=5 id=0 ip=0xffffffff80024d3b arg=0x4 sym=sysProcCreate
[KPROF] rec cpu=0 tsc=2867916870 kind=5 id=0 ip=0xffffffff80022bee arg=0x5 sym=syscallDispatch
[KPROF] rec cpu=0 tsc=2867916912 kind=5 id=0 ip=0xffffffff8001247f arg=0x6 sym=syscallEntry
[KPROF] rec cpu=0 tsc=2867957904 kind=4 id=0 ip=0xffffffff800125ad arg=0x0 sym=recursiveSplit
[KPROF] rec cpu=0 tsc=2867957988 kind=5 id=0 ip=0xffffffff8000f22b arg=0x1 sym=alloc
[KPROF] rec cpu=0 tsc=2867958030 kind=5 id=0 ip=0xffffffff8000fc71 arg=0x2 sym=alloc
[KPROF] rec cpu=0 tsc=2867958114 kind=5 id=0 ip=0xffffffff8001f6af arg=0x3 sym=demandPageKernel
[KPROF] rec cpu=0 tsc=2867958198 kind=5 id=0 ip=0xffffffff8001789f arg=0x4 sym=pageFaultHandler
[KPROF] rec cpu=0 tsc=2867958240 kind=5 id=0 ip=0xffffffff8003afef arg=0x5 sym=dispatchInterrupt
[KPROF] rec cpu=0 tsc=2867958324 kind=5 id=0 ip=0xffffffff8003a602 arg=0x6 sym=interruptStubPrologue
[KPROF] rec cpu=0 tsc=2867958408 kind=5 id=0 ip=0xffffffff80024d3b arg=0x7 sym=sysProcCreate
[KPROF] rec cpu=0 tsc=2867958450 kind=5 id=0 ip=0xffffffff80022bee arg=0x8 sym=syscallDispatch
[KPROF] rec cpu=0 tsc=2867958534 kind=5 id=0 ip=0xffffffff8001247f arg=0x9 sym=syscallEntry
[KPROF] rec cpu=0 tsc=2868077730 kind=4 id=0 ip=0xffffffff8000fd0f arg=0x0 sym=alloc
[KPROF] rec cpu=0 tsc=2868078108 kind=5 id=0 ip=0xffffffff8001f6af arg=0x1 sym=demandPageKernel
[KPROF] rec cpu=0 tsc=2868078192 kind=5 id=0 ip=0xffffffff8001789f arg=0x2 sym=pageFaultHandler
[KPROF] rec cpu=0 tsc=2868078234 kind=5 id=0 ip=0xffffffff8003afef arg=0x3 sym=dispatchInterrupt
[KPROF] rec cpu=0 tsc=2868078318 kind=5 id=0 ip=0xffffffff8003a602 arg=0x4 sym=interruptStubPrologue
[KPROF] rec cpu=0 tsc=2868078402 kind=5 id=0 ip=0xffffffff80024d3b arg=0x5 sym=sysProcCreate
[KPROF] rec cpu=0 tsc=2868078444 kind=5 id=0 ip=0xffffffff80022bee arg=0x6 sym=syscallDispatch
[KPROF] rec cpu=0 tsc=2868078528 kind=5 id=0 ip=0xffffffff8001247f arg=0x7 sym=syscallEntry
[KPROF] rec cpu=0 tsc=2868205284 kind=4 id=0 ip=0xffffffff8003b2ce arg=0x0 sym=memcpyFast
[KPROF] rec cpu=0 tsc=2868205410 kind=5 id=0 ip=0xffffffff80024d3b arg=0x1 sym=sysProcCreate
[KPROF] rec cpu=0 tsc=2868205494 kind=5 id=0 ip=0xffffffff80022bee arg=0x2 sym=syscallDispatch
[KPROF] rec cpu=0 tsc=2868205620 kind=5 id=0 ip=0xffffffff8001247f arg=0x3 sym=syscallEntry
[KPROF] rec cpu=0 tsc=2868269418 kind=4 id=0 ip=0xffffffff8003b38d arg=0x0 sym=memset
[KPROF] rec cpu=0 tsc=2868269544 kind=5 id=0 ip=0xffffffff8001789f arg=0x1 sym=pageFaultHandler
[KPROF] rec cpu=0 tsc=2868269628 kind=5 id=0 ip=0xffffffff8003afef arg=0x2 sym=dispatchInterrupt
[KPROF] rec cpu=0 tsc=2868269754 kind=5 id=0 ip=0xffffffff8003a602 arg=0x3 sym=interruptStubPrologue
[KPROF] rec cpu=0 tsc=2868269838 kind=5 id=0 ip=0xffffffff80024d3b arg=0x4 sym=sysProcCreate
[KPROF] rec cpu=0 tsc=2868269964 kind=5 id=0 ip=0xffffffff80022bee arg=0x5 sym=syscallDispatch
[KPROF] rec cpu=0 tsc=2868270048 kind=5 id=0 ip=0xffffffff8001247f arg=0x6 sym=syscallEntry
[KPROF] rec cpu=0 tsc=2868358290 kind=4 id=0 ip=0xffffffff8003a5f5 arg=0x0 sym=interruptStubPrologue
[KPROF] rec cpu=0 tsc=2868358374 kind=5 id=0 ip=0xffffffff80024d3b arg=0x1 sym=sysProcCreate
[KPROF] rec cpu=0 tsc=2868358500 kind=5 id=0 ip=0xffffffff80022bee arg=0x2 sym=syscallDispatch
[KPROF] rec cpu=0 tsc=2868358584 kind=5 id=0 ip=0xffffffff8001247f arg=0x3 sym=syscallEntry
[KPROF] rec cpu=0 tsc=2868423348 kind=4 id=0 ip=0xffffffff8003b2b6 arg=0x0 sym=memcpyFast
[KPROF] rec cpu=0 tsc=2868423474 kind=5 id=0 ip=0xffffffff80024d3b arg=0x1 sym=sysProcCreate
[KPROF] rec cpu=0 tsc=2868423558 kind=5 id=0 ip=0xffffffff80022bee arg=0x2 sym=syscallDispatch
[KPROF] rec cpu=0 tsc=2868423684 kind=5 id=0 ip=0xffffffff8001247f arg=0x3 sym=syscallEntry
[KPROF] rec cpu=0 tsc=2868488070 kind=4 id=0 ip=0xffffffff8003b2b6 arg=0x0 sym=memcpyFast
[KPROF] rec cpu=0 tsc=2868488154 kind=5 id=0 ip=0xffffffff80024d3b arg=0x1 sym=sysProcCreate
[KPROF] rec cpu=0 tsc=2868488280 kind=5 id=0 ip=0xffffffff80022bee arg=0x2 sym=syscallDispatch
[KPROF] rec cpu=0 tsc=2868488364 kind=5 id=0 ip=0xffffffff8001247f arg=0x3 sym=syscallEntry
[KPROF] rec cpu=0 tsc=2868551658 kind=4 id=0 ip=0xffffffff8003b386 arg=0x0 sym=memset
[KPROF] rec cpu=0 tsc=2868551784 kind=5 id=0 ip=0xffffffff8001789f arg=0x1 sym=pageFaultHandler
[KPROF] rec cpu=0 tsc=2868551868 kind=5 id=0 ip=0xffffffff8003afef arg=0x2 sym=dispatchInterrupt
[KPROF] rec cpu=0 tsc=2868551994 kind=5 id=0 ip=0xffffffff8003a602 arg=0x3 sym=interruptStubPrologue
[KPROF] rec cpu=0 tsc=2868552078 kind=5 id=0 ip=0xffffffff80024d3b arg=0x4 sym=sysProcCreate
[KPROF] rec cpu=0 tsc=2868552204 kind=5 id=0 ip=0xffffffff80022bee arg=0x5 sym=syscallDispatch
[KPROF] rec cpu=0 tsc=2868552288 kind=5 id=0 ip=0xffffffff8001247f arg=0x6 sym=syscallEntry
[KPROF] rec cpu=0 tsc=2868636456 kind=4 id=0 ip=0xffffffff8000fd12 arg=0x0 sym=alloc
[KPROF] rec cpu=0 tsc=2868636540 kind=5 id=0 ip=0xffffffff8001f6af arg=0x1 sym=demandPageKernel
[KPROF] rec cpu=0 tsc=2868636666 kind=5 id=0 ip=0xffffffff8001789f arg=0x2 sym=pageFaultHandler
[KPROF] rec cpu=0 tsc=2868636750 kind=5 id=0 ip=0xffffffff8003afef arg=0x3 sym=dispatchInterrupt
[KPROF] rec cpu=0 tsc=2868636876 kind=5 id=0 ip=0xffffffff8003a602 arg=0x4 sym=interruptStubPrologue
[KPROF] rec cpu=0 tsc=2868636960 kind=5 id=0 ip=0xffffffff80024d3b arg=0x5 sym=sysProcCreate
[KPROF] rec cpu=0 tsc=2868637086 kind=5 id=0 ip=0xffffffff80022bee arg=0x6 sym=syscallDispatch
[KPROF] rec cpu=0 tsc=2868637170 kind=5 id=0 ip=0xffffffff8001247f arg=0x7 sym=syscallEntry
[KPROF] rec cpu=0 tsc=2868799920 kind=4 id=0 ip=0xffffffff8000fd0f arg=0x0 sym=alloc
[KPROF] rec cpu=0 tsc=2868800004 kind=5 id=0 ip=0xffffffff8001f6af arg=0x1 sym=demandPageKernel
[KPROF] rec cpu=0 tsc=2868800130 kind=5 id=0 ip=0xffffffff8001789f arg=0x2 sym=pageFaultHandler
[KPROF] rec cpu=0 tsc=2868800214 kind=5 id=0 ip=0xffffffff8003afef arg=0x3 sym=dispatchInterrupt
[KPROF] rec cpu=0 tsc=2868800340 kind=5 id=0 ip=0xffffffff8003a602 arg=0x4 sym=interruptStubPrologue
[KPROF] rec cpu=0 tsc=2868800424 kind=5 id=0 ip=0xffffffff80024d3b arg=0x5 sym=sysProcCreate
[KPROF] rec cpu=0 tsc=2868800550 kind=5 id=0 ip=0xffffffff80022bee arg=0x6 sym=syscallDispatch
[KPROF] rec cpu=0 tsc=2868800634 kind=5 id=0 ip=0xffffffff8001247f arg=0x7 sym=syscallEntry
[KPROF] rec cpu=0 tsc=2868899964 kind=4 id=0 ip=0xffffffff80015e90 arg=0x0 sym=stub
[KPROF] rec cpu=0 tsc=2868900090 kind=5 id=0 ip=0xffffffff80024d3b arg=0x1 sym=sysProcCreate
[KPROF] rec cpu=0 tsc=2868900174 kind=5 id=0 ip=0xffffffff80022bee arg=0x2 sym=syscallDispatch
[KPROF] rec cpu=0 tsc=2868900300 kind=5 id=0 ip=0xffffffff8001247f arg=0x3 sym=syscallEntry
[KPROF] rec cpu=0 tsc=2868963678 kind=4 id=0 ip=0xffffffff8003b2c8 arg=0x0 sym=memcpyFast
[KPROF] rec cpu=0 tsc=2868963804 kind=5 id=0 ip=0xffffffff80024d3b arg=0x1 sym=sysProcCreate
[KPROF] rec cpu=0 tsc=2868963888 kind=5 id=0 ip=0xffffffff80022bee arg=0x2 sym=syscallDispatch
[KPROF] rec cpu=0 tsc=2868964014 kind=5 id=0 ip=0xffffffff8001247f arg=0x3 sym=syscallEntry
[KPROF] cpu_end cpu=0
[KPROF] cpu_begin cpu=1 records=3 overflowed=0
[KPROF] rec cpu=1 tsc=2865441306 kind=4 id=0 ip=0xffffffff800189e6 arg=0x0 sym=schedTimerHandler
[KPROF] rec cpu=1 tsc=2865451848 kind=5 id=0 ip=0xffffffff8003afef arg=0x1 sym=dispatchInterrupt
[KPROF] rec cpu=1 tsc=2865452142 kind=5 id=0 ip=0xffffffff8003a602 arg=0x2 sym=interruptStubPrologue
[KPROF] cpu_end cpu=1
[KPROF] cpu_begin cpu=2 records=6 overflowed=0
[KPROF] rec cpu=2 tsc=2859541524 kind=4 id=0 ip=0xffffffff800189c4 arg=0x0 sym=schedTimerHandler
[KPROF] rec cpu=2 tsc=2859554670 kind=5 id=0 ip=0xffffffff8003afef arg=0x1 sym=dispatchInterrupt
[KPROF] rec cpu=2 tsc=2859554922 kind=5 id=0 ip=0xffffffff8003a602 arg=0x2 sym=interruptStubPrologue
[KPROF] rec cpu=2 tsc=2868144468 kind=4 id=0 ip=0xffffffff80018966 arg=0x0 sym=schedTimerHandler
[KPROF] rec cpu=2 tsc=2868145140 kind=5 id=0 ip=0xffffffff8003afef arg=0x1 sym=dispatchInterrupt
[KPROF] rec cpu=2 tsc=2868145266 kind=5 id=0 ip=0xffffffff8003a602 arg=0x2 sym=interruptStubPrologue
[KPROF] cpu_end cpu=2
[KPROF] cpu_begin cpu=3 records=4 overflowed=0
[KPROF] rec cpu=3 tsc=2867584188 kind=4 id=0 ip=0xffffffff80018948 arg=0x0 sym=schedTimerHandler
[KPROF] rec cpu=3 tsc=2867595066 kind=5 id=0 ip=0xffffffff8003afef arg=0x1 sym=dispatchInterrupt
[KPROF] rec cpu=3 tsc=2867596158 kind=5 id=0 ip=0xffffffff8003a602 arg=0x2 sym=interruptStubPrologue
[KPROF] rec cpu=3 tsc=2867698764 kind=4 id=0 ip=0xffffffff80003dc1 arg=0x0 sym=coreInit
[KPROF] cpu_end cpu=3
[KPROF] done
[KPROF] begin cpus=4 mode=sample reason=log_full
[KPROF] name id=1 name=syscall_dispatch
[KPROF] name id=2 name=sys_proc_create
[KPROF] name id=3 name=sys_thread_create
[KPROF] name id=4 name=sys_thread_exit
[KPROF] name id=5 name=sys_thread_suspend
[KPROF] name id=6 name=sys_thread_resume
[KPROF] name id=7 name=sys_thread_kill
[KPROF] name id=8 name=sys_mem_reserve
[KPROF] name id=9 name=sys_mem_unmap
[KPROF] name id=10 name=sys_ipc_send
[KPROF] name id=11 name=sys_ipc_call
[KPROF] name id=12 name=sys_ipc_recv
[KPROF] name id=13 name=sys_ipc_reply
[KPROF] name id=14 name=sys_fault_recv
[KPROF] name id=15 name=sys_fault_reply
[KPROF] name id=16 name=sys_vm_vcpu_run
[KPROF] name id=17 name=sys_revoke_perm
[KPROF] name id=100 name=handle_page_fault
[KPROF] name id=101 name=page_fault_hw
[KPROF] name id=102 name=map_page
[KPROF] name id=103 name=unmap_page
[KPROF] name id=104 name=tlb_shootdown
[KPROF] name id=105 name=vmm_remove_range
[KPROF] name id=200 name=sched_timer_tick
[KPROF] name id=201 name=sched_switch
[KPROF] name id=202 name=sched_switch_direct
[KPROF] name id=203 name=sched_yield
[KPROF] name id=204 name=sched_enqueue
[KPROF] name id=205 name=sched_pin_exclusive
[KPROF] name id=206 name=sched_unpin_exclusive
[KPROF] name id=207 name=sched_unpin_revoke
[KPROF] name id=208 name=sched_try_steal
[KPROF] name id=209 name=sched_switch_pmu
[KPROF] name id=210 name=sched_remove_run_queue
[KPROF] name id=211 name=sched_arm_timer
[KPROF] name id=300 name=proc_load_elf
[KPROF] name id=301 name=proc_apply_relocations
[KPROF] name id=400 name=vm_exit
[KPROF] cpu_begin cpu=0 records=128 overflowed=1
[KPROF] rec cpu=0 tsc=3676404984 kind=4 id=0 ip=0xffffffff80018de5 arg=0x0 sym=schedTimerHandler
[KPROF] rec cpu=0 tsc=3676405194 kind=5 id=0 ip=0xffffffff8003afef arg=0x1 sym=dispatchInterrupt
[KPROF] rec cpu=0 tsc=3676405530 kind=5 id=0 ip=0xffffffff8003a602 arg=0x2 sym=interruptStubPrologue
[KPROF] rec cpu=0 tsc=3676457568 kind=4 id=0 ip=0x19e05aec980 arg=0x0 sym=?
[KPROF] rec cpu=0 tsc=3676506414 kind=4 id=0 ip=0xffffffff8003b2d4 arg=0x0 sym=memcpyFast
[KPROF] rec cpu=0 tsc=3676506498 kind=5 id=0 ip=0xffffffff80023464 arg=0x1 sym=sysMemShmCreate
[KPROF] rec cpu=0 tsc=3676506540 kind=5 id=0 ip=0xffffffff80022c4d arg=0x2 sym=syscallDispatch
[KPROF] rec cpu=0 tsc=3676506624 kind=5 id=0 ip=0xffffffff8001247f arg=0x3 sym=syscallEntry
[KPROF] rec cpu=0 tsc=3676559964 kind=4 id=0 ip=0xffffffff8000f728 arg=0x0 sym=alloc
[KPROF] rec cpu=0 tsc=3676560006 kind=5 id=0 ip=0xffffffff800235f7 arg=0x1 sym=sysMemShmCreate
[KPROF] rec cpu=0 tsc=3676560342 kind=5 id=0 ip=0xffffffff80022c4d arg=0x2 sym=syscallDispatch
[KPROF] rec cpu=0 tsc=3676560426 kind=5 id=0 ip=0xffffffff8001247f arg=0x3 sym=syscallEntry
[KPROF] rec cpu=0 tsc=3676605534 kind=4 id=0 ip=0xffffffff800126af arg=0x0 sym=recursiveSplit
[KPROF] rec cpu=0 tsc=3676605618 kind=5 id=0 ip=0xffffffff8000f22b arg=0x1 sym=alloc
[KPROF] rec cpu=0 tsc=3676605660 kind=5 id=0 ip=0xffffffff8002367a arg=0x2 sym=sysMemShmCreate
[KPROF] rec cpu=0 tsc=3676605744 kind=5 id=0 ip=0xffffffff80022c4d arg=0x3 sym=syscallDispatch
[KPROF] rec cpu=0 tsc=3676605912 kind=5 id=0 ip=0xffffffff8001247f arg=0x4 sym=syscallEntry
[KPROF] rec cpu=0 tsc=3676657236 kind=4 id=0 ip=0xffffffff8003b380 arg=0x0 sym=memset
[KPROF] rec cpu=0 tsc=3676657320 kind=5 id=0 ip=0xffffffff80022c4d arg=0x1 sym=syscallDispatch
[KPROF] rec cpu=0 tsc=3676657362 kind=5 id=0 ip=0xffffffff8001247f arg=0x2 sym=syscallEntry
[KPROF] rec cpu=0 tsc=3676707594 kind=4 id=0 ip=0xffffffff8003b380 arg=0x0 sym=memset
[KPROF] rec cpu=0 tsc=3676707678 kind=5 id=0 ip=0xffffffff80022c4d arg=0x1 sym=syscallDispatch
[KPROF] rec cpu=0 tsc=3676707762 kind=5 id=0 ip=0xffffffff8001247f arg=0x2 sym=syscallEntry
[KPROF] rec cpu=0 tsc=3676756188 kind=4 id=0 ip=0xffffffff8003b38d arg=0x0 sym=memset
[KPROF] rec cpu=0 tsc=3676756230 kind=5 id=0 ip=0xffffffff80022c4d arg=0x1 sym=syscallDispatch
[KPROF] rec cpu=0 tsc=3676756314 kind=5 id=0 ip=0xffffffff8001247f arg=0x2 sym=syscallEntry
[KPROF] rec cpu=0 tsc=3676796760 kind=4 id=0 ip=0xffffffff80027920 arg=0x0 sym=sysIpcCall
[KPROF] rec cpu=0 tsc=3676796802 kind=5 id=0 ip=0xffffffff8001247f arg=0x1 sym=syscallEntry
[KPROF] rec cpu=0 tsc=3676845942 kind=4 id=0 ip=0xffffffff8001c9fa arg=0x0 sym=armInterruptTimer
[KPROF] rec cpu=0 tsc=3676845984 kind=5 id=0 ip=0xffffffff80033686 arg=0x1 sym=switchToNextReady
[KPROF] rec cpu=0 tsc=3676846068 kind=5 id=0 ip=0xffffffff80027e53 arg=0x2 sym=?
[KPROF] rec cpu=0 tsc=3676846152 kind=5 id=0 ip=0xffffffff80022be1 arg=0x3 sym=syscallDispatch
[KPROF] rec cpu=0 tsc=3676846194 kind=5 id=0 ip=0xffffffff8001247f arg=0x4 sym=syscallEntry
[KPROF] rec cpu=0 tsc=3676886682 kind=4 id=0 ip=0x2c1e1d8cc3c arg=0x0 sym=?
[KPROF] rec cpu=0 tsc=3676928766 kind=4 id=0 ip=0xffffffff80032eec arg=0x0 sym=transferCapability
[KPROF] rec cpu=0 tsc=3676928808 kind=5 id=0 ip=0xffffffff800280c2 arg=0x1 sym=sysIpcRecv
[KPROF] rec cpu=0 tsc=3676928892 kind=5 id=0 ip=0xffffffff80022ac0 arg=0x2 sym=syscallDispatch
[KPROF] rec cpu=0 tsc=3676928976 kind=5 id=0 ip=0xffffffff8001247f arg=0x3 sym=syscallEntry
[KPROF] rec cpu=0 tsc=3676969296 kind=4 id=0 ip=0xffffffff80003c67 arg=0x0 sym=enqueueOnCore
[KPROF] rec cpu=0 tsc=3676969380 kind=5 id=0 ip=0xffffffff80028bbb arg=0x1 sym=sysIpcReply
[KPROF] rec cpu=0 tsc=3676969674 kind=5 id=0 ip=0xffffffff80022ce5 arg=0x2 sym=syscallDispatch
[KPROF] rec cpu=0 tsc=3676969716 kind=5 id=0 ip=0xffffffff8001247f arg=0x3 sym=syscallEntry
[KPROF] rec cpu=0 tsc=3677018436 kind=4 id=0 ip=0xffffffff8002fe84 arg=0x0 sym=reserve
[KPROF] rec cpu=0 tsc=3677018562 kind=5 id=0 ip=0xffffffff80023115 arg=0x1 sym=sysMemReserve
[KPROF] rec cpu=0 tsc=3677018856 kind=5 id=0 ip=0xffffffff80022c36 arg=0x2 sym=syscallDispatch
[KPROF] rec cpu=0 tsc=3677018940 kind=5 id=0 ip=0xffffffff8001247f arg=0x3 sym=syscallEntry
[KPROF] rec cpu=0 tsc=3677060142 kind=4 id=0 ip=0xffffffff80031053 arg=0x0 sym=hasCommittedPages
[KPROF] rec cpu=0 tsc=3677060226 kind=5 id=0 ip=0xffffffff80030deb arg=0x1 sym=memShmMap
[KPROF] rec cpu=0 tsc=3677060310 kind=5 id=0 ip=0xffffffff80024054 arg=0x2 sym=sysMemShmMap
[KPROF] rec cpu=0 tsc=3677060352 kind=5 id=0 ip=0xffffffff80022cfa arg=0x3 sym=syscallDispatch
[KPROF] rec cpu=0 tsc=3677060562 kind=5 id=0 ip=0xffffffff8001247f arg=0x4 sym=syscallEntry
[KPROF] rec cpu=0 tsc=3677098068 kind=4 id=0 ip=0xffffffff8003b2de arg=0x0 sym=memcpyFast
[KPROF] rec cpu=0 tsc=3677098152 kind=5 id=0 ip=0xffffffff8002416d arg=0x1 sym=sysMemUnmap
[KPROF] rec cpu=0 tsc=3677098236 kind=5 id=0 ip=0xffffffff80022c64 arg=0x2 sym=syscallDispatch
[KPROF] rec cpu=0 tsc=3677098278 kind=5 id=0 ip=0xffffffff8001247f arg=0x3 sym=syscallEntry
[KPROF] rec cpu=0 tsc=3677159556 kind=4 id=0 ip=0xffffffff80013fbf arg=0x0 sym=flushRemoteTlb
[KPROF] rec cpu=0 tsc=3677159640 kind=5 id=0 ip=0xffffffff80000bf5 arg=0x1 sym=unmapPage
[KPROF] rec cpu=0 tsc=3677159724 kind=5 id=0 ip=0xffffffff80000e4e arg=0x2 sym=unmapNodePages
[KPROF] rec cpu=0 tsc=3677159766 kind=5 id=0 ip=0xffffffff800244c4 arg=0x3 sym=sysMemUnmap
[KPROF] rec cpu=0 tsc=3677159850 kind=5 id=0 ip=0xffffffff80022c64 arg=0x4 sym=syscallDispatch
[KPROF] rec cpu=0 tsc=3677159934 kind=5 id=0 ip=0xffffffff8001247f arg=0x5 sym=syscallEntry
[KPROF] rec cpu=0 tsc=3677227764 kind=4 id=0 ip=0xffffffff80013fbf arg=0x0 sym=flushRemoteTlb
[KPROF] rec cpu=0 tsc=3677227848 kind=5 id=0 ip=0xffffffff80000bf5 arg=0x1 sym=unmapPage
[KPROF] rec cpu=0 tsc=3677227890 kind=5 id=0 ip=0xffffffff80000e4e arg=0x2 sym=unmapNodePages
[KPROF] rec cpu=0 tsc=3677227974 kind=5 id=0 ip=0xffffffff800244c4 arg=0x3 sym=sysMemUnmap
[KPROF] rec cpu=0 tsc=3677228058 kind=5 id=0 ip=0xffffffff80022c64 arg=0x4 sym=syscallDispatch
[KPROF] rec cpu=0 tsc=3677228100 kind=5 id=0 ip=0xffffffff8001247f arg=0x5 sym=syscallEntry
[KPROF] rec cpu=0 tsc=3677293536 kind=4 id=0 ip=0xffffffff80013fbf arg=0x0 sym=flushRemoteTlb
[KPROF] rec cpu=0 tsc=3677293578 kind=5 id=0 ip=0xffffffff80000bf5 arg=0x1 sym=unmapPage
[KPROF] rec cpu=0 tsc=3677293662 kind=5 id=0 ip=0xffffffff80000e4e arg=0x2 sym=unmapNodePages
[KPROF] rec cpu=0 tsc=3677293746 kind=5 id=0 ip=0xffffffff800244c4 arg=0x3 sym=sysMemUnmap
[KPROF] rec cpu=0 tsc=3677293788 kind=5 id=0 ip=0xffffffff80022c64 arg=0x4 sym=syscallDispatch
[KPROF] rec cpu=0 tsc=3677293872 kind=5 id=0 ip=0xffffffff8001247f arg=0x5 sym=syscallEntry
[KPROF] rec cpu=0 tsc=3677358972 kind=4 id=0 ip=0xffffffff80000bea arg=0x0 sym=unmapPage
[KPROF] rec cpu=0 tsc=3677359014 kind=5 id=0 ip=0xffffffff80000e4e arg=0x1 sym=unmapNodePages
[KPROF] rec cpu=0 tsc=3677359098 kind=5 id=0 ip=0xffffffff800244c4 arg=0x2 sym=sysMemUnmap
[KPROF] rec cpu=0 tsc=3677359182 kind=5 id=0 ip=0xffffffff80022c64 arg=0x3 sym=syscallDispatch
[KPROF] rec cpu=0 tsc=3677359224 kind=5 id=0 ip=0xffffffff8001247f arg=0x4 sym=syscallEntry
[KPROF] rec cpu=0 tsc=3677416554 kind=4 id=0 ip=0x19e05aec900 arg=0x0 sym=?
[KPROF] rec cpu=0 tsc=3677458176 kind=4 id=0 ip=0xffffffff80012472 arg=0x0 sym=syscallEntry
[KPROF] rec cpu=0 tsc=3677501478 kind=4 id=0 ip=0xffffffff80012cd2 arg=0x0 sym=treeInsert
[KPROF] rec cpu=0 tsc=3677501562 kind=5 id=0 ip=0xffffffff8000f88e arg=0x1 sym=alloc
[KPROF] rec cpu=0 tsc=3677501604 kind=5 id=0 ip=0xffffffff800235f7 arg=0x2 sym=sysMemShmCreate
[KPROF] rec cpu=0 tsc=3677501688 kind=5 id=0 ip=0xffffffff80022c4d arg=0x3 sym=syscallDispatch
[KPROF] rec cpu=0 tsc=3677501772 kind=5 id=0 ip=0xffffffff8001247f arg=0x4 sym=syscallEntry
[KPROF] rec cpu=0 tsc=3677550198 kind=4 id=0 ip=0xffffffff8003b38d arg=0x0 sym=memset
[KPROF] rec cpu=0 tsc=3677550282 kind=5 id=0 ip=0xffffffff80022c4d arg=0x1 sym=syscallDispatch
[KPROF] rec cpu=0 tsc=3677550366 kind=5 id=0 ip=0xffffffff8001247f arg=0x2 sym=syscallEntry
[KPROF] rec cpu=0 tsc=3677600766 kind=4 id=0 ip=0xffffffff8003b380 arg=0x0 sym=memset
[KPROF] rec cpu=0 tsc=3677600850 kind=5 id=0 ip=0xffffffff80022c4d arg=0x1 sym=syscallDispatch
[KPROF] rec cpu=0 tsc=3677600934 kind=5 id=0 ip=0xffffffff8001247f arg=0x2 sym=syscallEntry
[KPROF] rec cpu=0 tsc=3677650326 kind=4 id=0 ip=0xffffffff8003b380 arg=0x0 sym=memset
[KPROF] rec cpu=0 tsc=3677650410 kind=5 id=0 ip=0xffffffff80022c4d arg=0x1 sym=syscallDispatch
[KPROF] rec cpu=0 tsc=3677650452 kind=5 id=0 ip=0xffffffff8001247f arg=0x2 sym=syscallEntry
[KPROF] rec cpu=0 tsc=3677698164 kind=4 id=0 ip=0xffffffff8002236e arg=0x0 sym=switchTo
[KPROF] rec cpu=0 tsc=3677698332 kind=5 id=0 ip=0xffffffff800336b5 arg=0x1 sym=switchToNextReady
[KPROF] rec cpu=0 tsc=3677698374 kind=5 id=0 ip=0xffffffff80027e53 arg=0x2 sym=?
[KPROF] rec cpu=0 tsc=3677698458 kind=5 id=0 ip=0xffffffff80022be1 arg=0x3 sym=syscallDispatch
[KPROF] rec cpu=0 tsc=3677698542 kind=5 id=0 ip=0xffffffff8001247f arg=0x4 sym=syscallEntry
[KPROF] rec cpu=0 tsc=3677738610 kind=4 id=0 ip=0xffffffff80023e38 arg=0x0 sym=sysMemShmMap
[KPROF] rec cpu=0 tsc=3677738652 kind=5 id=0 ip=0xffffffff80022cfa arg=0x1 sym=syscallDispatch
[KPROF] rec cpu=0 tsc=3677738736 kind=5 id=0 ip=0xffffffff8001247f arg=0x2 sym=syscallEntry
[KPROF] rec cpu=0 tsc=3677776410 kind=4 id=0 ip=0xffffffff8003b2de arg=0x0 sym=memcpyFast
[KPROF] rec cpu=0 tsc=3677776452 kind=5 id=0 ip=0xffffffff8002416d arg=0x1 sym=sysMemUnmap
[KPROF] rec cpu=0 tsc=3677776536 kind=5 id=0 ip=0xffffffff80022c64 arg=0x2 sym=syscallDispatch
[KPROF] rec cpu=0 tsc=3677776620 kind=5 id=0 ip=0xffffffff8001247f arg=0x3 sym=syscallEntry
[KPROF] rec cpu=0 tsc=3677840880 kind=4 id=0 ip=0xffffffff80013fbf arg=0x0 sym=flushRemoteTlb
[KPROF] rec cpu=0 tsc=3677840964 kind=5 id=0 ip=0xffffffff80000bf5 arg=0x1 sym=unmapPage
[KPROF] rec cpu=0 tsc=3677841048 kind=5 id=0 ip=0xffffffff80000e4e arg=0x2 sym=unmapNodePages
[KPROF] rec cpu=0 tsc=3677841090 kind=5 id=0 ip=0xffffffff800244c4 arg=0x3 sym=sysMemUnmap
[KPROF] rec cpu=0 tsc=3677841174 kind=5 id=0 ip=0xffffffff80022c64 arg=0x4 sym=syscallDispatch
[KPROF] rec cpu=0 tsc=3677841216 kind=5 id=0 ip=0xffffffff8001247f arg=0x5 sym=syscallEntry
[KPROF] rec cpu=0 tsc=3677908500 kind=4 id=0 ip=0xffffffff80013fbf arg=0x0 sym=flushRemoteTlb
[KPROF] rec cpu=0 tsc=3677908542 kind=5 id=0 ip=0xffffffff80000bf5 arg=0x1 sym=unmapPage
[KPROF] rec cpu=0 tsc=3677908626 kind=5 id=0 ip=0xffffffff80000e4e arg=0x2 sym=unmapNodePages
[KPROF] rec cpu=0 tsc=3677908710 kind=5 id=0 ip=0xffffffff800244c4 arg=0x3 sym=sysMemUnmap
[KPROF] rec cpu=0 tsc=3677908752 kind=5 id=0 ip=0xffffffff80022c64 arg=0x4 sym=syscallDispatch
[KPROF] rec cpu=0 tsc=3677908836 kind=5 id=0 ip=0xffffffff8001247f arg=0x5 sym=syscallEntry
[KPROF] rec cpu=0 tsc=3677974398 kind=4 id=0 ip=0xffffffff80013fbf arg=0x0 sym=flushRemoteTlb
[KPROF] rec cpu=0 tsc=3677974482 kind=5 id=0 ip=0xffffffff80000bf5 arg=0x1 sym=unmapPage
[KPROF] rec cpu=0 tsc=3677974524 kind=5 id=0 ip=0xffffffff80000e4e arg=0x2 sym=unmapNodePages
[KPROF] rec cpu=0 tsc=3677974608 kind=5 id=0 ip=0xffffffff800244c4 arg=0x3 sym=sysMemUnmap
[KPROF] rec cpu=0 tsc=3677974692 kind=5 id=0 ip=0xffffffff80022c64 arg=0x4 sym=syscallDispatch
[KPROF] rec cpu=0 tsc=3677974734 kind=5 id=0 ip=0xffffffff8001247f arg=0x5 sym=syscallEntry
[KPROF] rec cpu=0 tsc=3678039834 kind=4 id=0 ip=0xffffffff80024594 arg=0x0 sym=sysMemUnmap
[KPROF] rec cpu=0 tsc=3678039876 kind=5 id=0 ip=0xffffffff80022c64 arg=0x1 sym=syscallDispatch
[KPROF] rec cpu=0 tsc=3678039960 kind=5 id=0 ip=0xffffffff8001247f arg=0x2 sym=syscallEntry
[KPROF] rec cpu=0 tsc=3678080238 kind=4 id=0 ip=0xffffffff8003b2de arg=0x0 sym=memcpyFast
[KPROF] cpu_end cpu=0
[KPROF] cpu_begin cpu=1 records=83 overflowed=0
[KPROF] rec cpu=1 tsc=3676355550 kind=4 id=0 ip=0xffffffff800189c4 arg=0x0 sym=schedTimerHandler
[KPROF] rec cpu=1 tsc=3676355676 kind=5 id=0 ip=0xffffffff8003afef arg=0x1 sym=dispatchInterrupt
[KPROF] rec cpu=1 tsc=3676355760 kind=5 id=0 ip=0xffffffff8003a602 arg=0x2 sym=interruptStubPrologue
[KPROF] rec cpu=1 tsc=3677177490 kind=4 id=0 ip=0xffffffff8003a5f5 arg=0x0 sym=interruptStubPrologue
[KPROF] rec cpu=1 tsc=3677278248 kind=4 id=0 ip=0xffffffff800188fe arg=0x0 sym=tlbShootdownHandler
[KPROF] rec cpu=1 tsc=3677278290 kind=5 id=0 ip=0xffffffff8003afef arg=0x1 sym=dispatchInterrupt
[KPROF] rec cpu=1 tsc=3677278374 kind=5 id=0 ip=0xffffffff8003a602 arg=0x2 sym=interruptStubPrologue
[KPROF] rec cpu=1 tsc=3677359938 kind=4 id=0 ip=0xffffffff8003a614 arg=0x0 sym=interruptStubEpilogue
[KPROF] rec cpu=1 tsc=3677855874 kind=4 id=0 ip=0xffffffff80003dc1 arg=0x0 sym=coreInit
[KPROF] rec cpu=1 tsc=3677952726 kind=4 id=0 ip=0xffffffff80016d80 arg=0x0 sym=stub
[KPROF] rec cpu=1 tsc=3678041220 kind=4 id=0 ip=0xffffffff8003a614 arg=0x0 sym=interruptStubEpilogue
[KPROF] rec cpu=1 tsc=3678322494 kind=4 id=0 ip=0xffffffff80016d80 arg=0x0 sym=stub
[KPROF] rec cpu=1 tsc=3678441480 kind=4 id=0 ip=0xffffffff8003a614 arg=0x0 sym=interruptStubEpilogue
[KPROF] rec cpu=1 tsc=3678710490 kind=4 id=0 ip=0xffffffff80003dc1 arg=0x0 sym=coreInit
[KPROF] rec cpu=1 tsc=3678818934 kind=4 id=0 ip=0xffffffff800188fb arg=0x0 sym=tlbShootdownHandler
[KPROF] rec cpu=1 tsc=3678819018 kind=5 id=0 ip=0xffffffff8003afef arg=0x1 sym=dispatchInterrupt
[KPROF] rec cpu=1 tsc=3678819060 kind=5 id=0 ip=0xffffffff8003a602 arg=0x2 sym=interruptStubPrologue
[KPROF] rec cpu=1 tsc=3679091136 kind=4 id=0 ip=0xffffffff8003b018 arg=0x0 sym=dispatchInterrupt
[KPROF] rec cpu=1 tsc=3679091220 kind=5 id=0 ip=0xffffffff8003a602 arg=0x1 sym=interruptStubPrologue
[KPROF] rec cpu=1 tsc=3679174548 kind=4 id=0 ip=0xffffffff80003dc1 arg=0x0 sym=coreInit
[KPROF] rec cpu=1 tsc=3679282404 kind=4 id=0 ip=0xffffffff800188fb arg=0x0 sym=tlbShootdownHandler
[KPROF] rec cpu=1 tsc=3679282446 kind=5 id=0 ip=0xffffffff8003afef arg=0x1 sym=dispatchInterrupt
[KPROF] rec cpu=1 tsc=3679282530 kind=5 id=0 ip=0xffffffff8003a602 arg=0x2 sym=interruptStubPrologue
[KPROF] rec cpu=1 tsc=3679537344 kind=4 id=0 ip=0xffffffff800188fe arg=0x0 sym=tlbShootdownHandler
[KPROF] rec cpu=1 tsc=3679537386 kind=5 id=0 ip=0xffffffff8003afef arg=0x1 sym=dispatchInterrupt
[KPROF] rec cpu=1 tsc=3679537470 kind=5 id=0 ip=0xffffffff8003a602 arg=0x2 sym=interruptStubPrologue
[KPROF] rec cpu=1 tsc=3679641546 kind=4 id=0 ip=0xffffffff8003b018 arg=0x0 sym=dispatchInterrupt
[KPROF] rec cpu=1 tsc=3679641588 kind=5 id=0 ip=0xffffffff8003a602 arg=0x1 sym=interruptStubPrologue
[KPROF] rec cpu=1 tsc=3679733526 kind=4 id=0 ip=0xffffffff80003dc1 arg=0x0 sym=coreInit
[KPROF] rec cpu=1 tsc=3679974186 kind=4 id=0 ip=0xffffffff800188fb arg=0x0 sym=tlbShootdownHandler
[KPROF] rec cpu=1 tsc=3679974228 kind=5 id=0 ip=0xffffffff8003afef arg=0x1 sym=dispatchInterrupt
[KPROF] rec cpu=1 tsc=3679974312 kind=5 id=0 ip=0xffffffff8003a602 arg=0x2 sym=interruptStubPrologue
[KPROF] rec cpu=1 tsc=3680049408 kind=4 id=0 ip=0xffffffff8003b018 arg=0x0 sym=dispatchInterrupt
[KPROF] rec cpu=1 tsc=3680049492 kind=5 id=0 ip=0xffffffff8003a602 arg=0x1 sym=interruptStubPrologue
[KPROF] rec cpu=1 tsc=3680136600 kind=4 id=0 ip=0xffffffff80003dc1 arg=0x0 sym=coreInit
[KPROF] rec cpu=1 tsc=3680339250 kind=4 id=0 ip=0xffffffff8003a614 arg=0x0 sym=interruptStubEpilogue
[KPROF] rec cpu=1 tsc=3680456094 kind=4 id=0 ip=0xffffffff800188fb arg=0x0 sym=tlbShootdownHandler
[KPROF] rec cpu=1 tsc=3680456136 kind=5 id=0 ip=0xffffffff8003afef arg=0x1 sym=dispatchInterrupt
[KPROF] rec cpu=1 tsc=3680456220 kind=5 id=0 ip=0xffffffff8003a602 arg=0x2 sym=interruptStubPrologue
[KPROF] rec cpu=1 tsc=3680708178 kind=4 id=0 ip=0xffffffff8003b018 arg=0x0 sym=dispatchInterrupt
[KPROF] rec cpu=1 tsc=3680708220 kind=5 id=0 ip=0xffffffff8003a602 arg=0x1 sym=interruptStubPrologue
[KPROF] rec cpu=1 tsc=3680799108 kind=4 id=0 ip=0xffffffff80003dc1 arg=0x0 sym=coreInit
[KPROF] rec cpu=1 tsc=3680905830 kind=4 id=0 ip=0xffffffff800188fb arg=0x0 sym=tlbShootdownHandler
[KPROF] rec cpu=1 tsc=3680905914 kind=5 id=0 ip=0xffffffff8003afef arg=0x1 sym=dispatchInterrupt
[KPROF] rec cpu=1 tsc=3680906166 kind=5 id=0 ip=0xffffffff8003a602 arg=0x2 sym=interruptStubPrologue
[KPROF] rec cpu=1 tsc=3681153252 kind=4 id=0 ip=0xffffffff8003b018 arg=0x0 sym=dispatchInterrupt
[KPROF] rec cpu=1 tsc=3681153336 kind=5 id=0 ip=0xffffffff8003a602 arg=0x1 sym=interruptStubPrologue
[KPROF] rec cpu=1 tsc=3681232674 kind=4 id=0 ip=0xffffffff80003dc1 arg=0x0 sym=coreInit
[KPROF] rec cpu=1 tsc=3681332718 kind=4 id=0 ip=0xffffffff800188fb arg=0x0 sym=tlbShootdownHandler
[KPROF] rec cpu=1 tsc=3681332802 kind=5 id=0 ip=0xffffffff8003afef arg=0x1 sym=dispatchInterrupt
[KPROF] rec cpu=1 tsc=3681332844 kind=5 id=0 ip=0xffffffff8003a602 arg=0x2 sym=interruptStubPrologue
[KPROF] rec cpu=1 tsc=3681571026 kind=4 id=0 ip=0xffffffff8003b018 arg=0x0 sym=dispatchInterrupt
[KPROF] rec cpu=1 tsc=3681571236 kind=5 id=0 ip=0xffffffff8003a602 arg=0x1 sym=interruptStubPrologue
[KPROF] rec cpu=1 tsc=3681664140 kind=4 id=0 ip=0xffffffff80016d80 arg=0x0 sym=stub
[KPROF] rec cpu=1 tsc=3681937896 kind=4 id=0 ip=0xffffffff8003a614 arg=0x0 sym=interruptStubEpilogue
[KPROF] rec cpu=1 tsc=3682027482 kind=4 id=0 ip=0xffffffff80016d80 arg=0x0 sym=stub
[KPROF] rec cpu=1 tsc=3682135212 kind=4 id=0 ip=0xffffffff8003a614 arg=0x0 sym=interruptStubEpilogue
[KPROF] rec cpu=1 tsc=3682384062 kind=4 id=0 ip=0xffffffff800188fb arg=0x0 sym=tlbShootdownHandler
[KPROF] rec cpu=1 tsc=3682384230 kind=5 id=0 ip=0xffffffff8003afef arg=0x1 sym=dispatchInterrupt
[KPROF] rec cpu=1 tsc=3682384314 kind=5 id=0 ip=0xffffffff8003a602 arg=0x2 sym=interruptStubPrologue
[KPROF] rec cpu=1 tsc=3682475034 kind=4 id=0 ip=0xffffffff8003b018 arg=0x0 sym=dispatchInterrupt
[KPROF] rec cpu=1 tsc=3682475076 kind=5 id=0 ip=0xffffffff8003a602 arg=0x1 sym=interruptStubPrologue
[KPROF] rec cpu=1 tsc=3682716324 kind=4 id=0 ip=0xffffffff80003dc1 arg=0x0 sym=coreInit
[KPROF] rec cpu=1 tsc=3682820736 kind=4 id=0 ip=0xffffffff80016d80 arg=0x0 sym=stub
[KPROF] rec cpu=1 tsc=3682908642 kind=4 id=0 ip=0xffffffff8003a614 arg=0x0 sym=interruptStubEpilogue
[KPROF] rec cpu=1 tsc=3683175888 kind=4 id=0 ip=0xffffffff80016d80 arg=0x0 sym=stub
[KPROF] rec cpu=1 tsc=3683295672 kind=4 id=0 ip=0xffffffff8003a614 arg=0x0 sym=interruptStubEpilogue
[KPROF] rec cpu=1 tsc=3683383158 kind=4 id=0 ip=0xffffffff80003dc1 arg=0x0 sym=coreInit
[KPROF] rec cpu=1 tsc=3683654184 kind=4 id=0 ip=0xffffffff800188fb arg=0x0 sym=tlbShootdownHandler
[KPROF] rec cpu=1 tsc=3683654394 kind=5 id=0 ip=0xffffffff8003afef arg=0x1 sym=dispatchInterrupt
[KPROF] rec cpu=1 tsc=3683654436 kind=5 id=0 ip=0xffffffff8003a602 arg=0x2 sym=interruptStubPrologue
[KPROF] rec cpu=1 tsc=3683742468 kind=4 id=0 ip=0xffffffff8003b018 arg=0x0 sym=dispatchInterrupt
[KPROF] rec cpu=1 tsc=3683742552 kind=5 id=0 ip=0xffffffff8003a602 arg=0x1 sym=interruptStubPrologue
[KPROF] rec cpu=1 tsc=3683977962 kind=4 id=0 ip=0xffffffff80016d80 arg=0x0 sym=stub
[KPROF] rec cpu=1 tsc=3684093168 kind=4 id=0 ip=0xffffffff8003b018 arg=0x0 sym=dispatchInterrupt
[KPROF] rec cpu=1 tsc=3684093252 kind=5 id=0 ip=0xffffffff8003a602 arg=0x1 sym=interruptStubPrologue
[KPROF] rec cpu=1 tsc=3684184728 kind=4 id=0 ip=0xffffffff80003dc1 arg=0x0 sym=coreInit
[KPROF] rec cpu=1 tsc=3684456510 kind=4 id=0 ip=0xffffffff800188fb arg=0x0 sym=tlbShootdownHandler
[KPROF] rec cpu=1 tsc=3684456720 kind=5 id=0 ip=0xffffffff8003afef arg=0x1 sym=dispatchInterrupt
[KPROF] rec cpu=1 tsc=3684456804 kind=5 id=0 ip=0xffffffff8003a602 arg=0x2 sym=interruptStubPrologue
[KPROF] rec cpu=1 tsc=3684547818 kind=4 id=0 ip=0xffffffff8003b018 arg=0x0 sym=dispatchInterrupt
[KPROF] rec cpu=1 tsc=3684547902 kind=5 id=0 ip=0xffffffff8003a602 arg=0x1 sym=interruptStubPrologue
[KPROF] rec cpu=1 tsc=3684787218 kind=4 id=0 ip=0xffffffff80016d80 arg=0x0 sym=stub
[KPROF] cpu_end cpu=1
[KPROF] cpu_begin cpu=2 records=88 overflowed=0
[KPROF] rec cpu=2 tsc=3676298808 kind=4 id=0 ip=0xffffffff80018922 arg=0x0 sym=kprofDumpHandler
[KPROF] rec cpu=2 tsc=3676299312 kind=5 id=0 ip=0xffffffff8003afef arg=0x1 sym=dispatchInterrupt
[KPROF] rec cpu=2 tsc=3676299816 kind=5 id=0 ip=0xffffffff8003a602 arg=0x2 sym=interruptStubPrologue
[KPROF] rec cpu=2 tsc=3676418466 kind=4 id=0 ip=0xffffffff80018b6e arg=0x0 sym=schedTimerHandler
[KPROF] rec cpu=2 tsc=3676418592 kind=5 id=0 ip=0xffffffff8003afef arg=0x1 sym=dispatchInterrupt
[KPROF] rec cpu=2 tsc=3676418634 kind=5 id=0 ip=0xffffffff8003a602 arg=0x2 sym=interruptStubPrologue
[KPROF] rec cpu=2 tsc=3677209746 kind=4 id=0 ip=0xffffffff80016d80 arg=0x0 sym=stub
[KPROF] rec cpu=2 tsc=3677298030 kind=4 id=0 ip=0xffffffff8003b018 arg=0x0 sym=dispatchInterrupt
[KPROF] rec cpu=2 tsc=3677298114 kind=5 id=0 ip=0xffffffff8003a602 arg=0x1 sym=interruptStubPrologue
[KPROF] rec cpu=2 tsc=3677402232 kind=4 id=0 ip=0xffffffff80016d80 arg=0x0 sym=stub
[KPROF] rec cpu=2 tsc=3677896068 kind=4 id=0 ip=0xffffffff8003b018 arg=0x0 sym=dispatchInterrupt
[KPROF] rec cpu=2 tsc=3677896152 kind=5 id=0 ip=0xffffffff8003a602 arg=0x1 sym=interruptStubPrologue
[KPROF] rec cpu=2 tsc=3677979522 kind=4 id=0 ip=0xffffffff80003dc1 arg=0x0 sym=coreInit
[KPROF] rec cpu=2 tsc=3678269322 kind=4 id=0 ip=0xffffffff80016d80 arg=0x0 sym=stub
[KPROF] rec cpu=2 tsc=3678379824 kind=4 id=0 ip=0xffffffff8003b018 arg=0x0 sym=dispatchInterrupt
[KPROF] rec cpu=2 tsc=3678379908 kind=5 id=0 ip=0xffffffff8003a602 arg=0x1 sym=interruptStubPrologue
[KPROF] rec cpu=2 tsc=3678469326 kind=4 id=0 ip=0xffffffff80003dc1 arg=0x0 sym=coreInit
[KPROF] rec cpu=2 tsc=3678765048 kind=4 id=0 ip=0xffffffff800188fe arg=0x0 sym=tlbShootdownHandler
[KPROF] rec cpu=2 tsc=3678765132 kind=5 id=0 ip=0xffffffff8003afef arg=0x1 sym=dispatchInterrupt
[KPROF] rec cpu=2 tsc=3678765174 kind=5 id=0 ip=0xffffffff8003a602 arg=0x2 sym=interruptStubPrologue
[KPROF] rec cpu=2 tsc=3678836910 kind=4 id=0 ip=0xffffffff8003b018 arg=0x0 sym=dispatchInterrupt
[KPROF] rec cpu=2 tsc=3678836952 kind=5 id=0 ip=0xffffffff8003a602 arg=0x1 sym=interruptStubPrologue
[KPROF] rec cpu=2 tsc=3679095966 kind=4 id=0 ip=0xffffffff80016d80 arg=0x0 sym=stub
[KPROF] rec cpu=2 tsc=3679216548 kind=4 id=0 ip=0xffffffff8003a61b arg=0x0 sym=interruptStubEpilogue
[KPROF] rec cpu=2 tsc=3679335954 kind=4 id=0 ip=0xffffffff800188fe arg=0x0 sym=tlbShootdownHandler
[KPROF] rec cpu=2 tsc=3679336038 kind=5 id=0 ip=0xffffffff8003afef arg=0x1 sym=dispatchInterrupt
[KPROF] rec cpu=2 tsc=3679336080 kind=5 id=0 ip=0xffffffff8003a602 arg=0x2 sym=interruptStubPrologue
[KPROF] rec cpu=2 tsc=3679581864 kind=4 id=0 ip=0xffffffff8003a61b arg=0x0 sym=interruptStubEpilogue
[KPROF] rec cpu=2 tsc=3679707234 kind=4 id=0 ip=0xffffffff800188fe arg=0x0 sym=tlbShootdownHandler
[KPROF] rec cpu=2 tsc=3679707318 kind=5 id=0 ip=0xffffffff8003afef arg=0x1 sym=dispatchInterrupt
[KPROF] rec cpu=2 tsc=3679707570 kind=5 id=0 ip=0xffffffff8003a602 arg=0x2 sym=interruptStubPrologue
[KPROF] rec cpu=2 tsc=3679962468 kind=4 id=0 ip=0xffffffff8003b018 arg=0x0 sym=dispatchInterrupt
[KPROF] rec cpu=2 tsc=3679962510 kind=5 id=0 ip=0xffffffff8003a602 arg=0x1 sym=interruptStubPrologue
[KPROF] rec cpu=2 tsc=3680053734 kind=4 id=0 ip=0xffffffff80003dc1 arg=0x0 sym=coreInit
[KPROF] rec cpu=2 tsc=3680322198 kind=4 id=0 ip=0xffffffff800188fe arg=0x0 sym=tlbShootdownHandler
[KPROF] rec cpu=2 tsc=3680322240 kind=5 id=0 ip=0xffffffff8003afef arg=0x1 sym=dispatchInterrupt
[KPROF] rec cpu=2 tsc=3680322324 kind=5 id=0 ip=0xffffffff8003a602 arg=0x2 sym=interruptStubPrologue
[KPROF] rec cpu=2 tsc=3680415900 kind=4 id=0 ip=0xffffffff8003a61b arg=0x0 sym=interruptStubEpilogue
[KPROF] rec cpu=2 tsc=3680521740 kind=4 id=0 ip=0xffffffff800188fe arg=0x0 sym=tlbShootdownHandler
[KPROF] rec cpu=2 tsc=3680521824 kind=5 id=0 ip=0xffffffff8003afef arg=0x1 sym=dispatchInterrupt
[KPROF] rec cpu=2 tsc=3680521908 kind=5 id=0 ip=0xffffffff8003a602 arg=0x2 sym=interruptStubPrologue
[KPROF] rec cpu=2 tsc=3680738418 kind=4 id=0 ip=0xffffffff8003b018 arg=0x0 sym=dispatchInterrupt
[KPROF] rec cpu=2 tsc=3680738502 kind=5 id=0 ip=0xffffffff8003a602 arg=0x1 sym=interruptStubPrologue
[KPROF] rec cpu=2 tsc=3680839974 kind=4 id=0 ip=0xffffffff80016d80 arg=0x0 sym=stub
[KPROF] rec cpu=2 tsc=3680928720 kind=4 id=0 ip=0xffffffff8003a61b arg=0x0 sym=interruptStubEpilogue
[KPROF] rec cpu=2 tsc=3681200628 kind=4 id=0 ip=0xffffffff800188fe arg=0x0 sym=tlbShootdownHandler
[KPROF] rec cpu=2 tsc=3681200712 kind=5 id=0 ip=0xffffffff8003afef arg=0x1 sym=dispatchInterrupt
[KPROF] rec cpu=2 tsc=3681200796 kind=5 id=0 ip=0xffffffff8003a602 arg=0x2 sym=interruptStubPrologue
[KPROF] rec cpu=2 tsc=3681284880 kind=4 id=0 ip=0xffffffff8003a61b arg=0x0 sym=interruptStubEpilogue
[KPROF] rec cpu=2 tsc=3681523860 kind=4 id=0 ip=0xffffffff800188fe arg=0x0 sym=tlbShootdownHandler
[KPROF] rec cpu=2 tsc=3681523944 kind=5 id=0 ip=0xffffffff8003afef arg=0x1 sym=dispatchInterrupt
[KPROF] rec cpu=2 tsc=3681523986 kind=5 id=0 ip=0xffffffff8003a602 arg=0x2 sym=interruptStubPrologue
[KPROF] rec cpu=2 tsc=3681592068 kind=4 id=0 ip=0xffffffff80016d80 arg=0x0 sym=stub
[KPROF] rec cpu=2 tsc=3681675186 kind=4 id=0 ip=0xffffffff8003b018 arg=0x0 sym=dispatchInterrupt
[KPROF] rec cpu=2 tsc=3681675270 kind=5 id=0 ip=0xffffffff8003a602 arg=0x1 sym=interruptStubPrologue
[KPROF] rec cpu=2 tsc=3681939702 kind=4 id=0 ip=0xffffffff80016d80 arg=0x0 sym=stub
[KPROF] rec cpu=2 tsc=3682028784 kind=4 id=0 ip=0xffffffff80016d80 arg=0x0 sym=stub
[KPROF] rec cpu=2 tsc=3682137648 kind=4 id=0 ip=0xffffffff8003a61b arg=0x0 sym=interruptStubEpilogue
[KPROF] rec cpu=2 tsc=3682387800 kind=4 id=0 ip=0xffffffff800188fe arg=0x0 sym=tlbShootdownHandler
[KPROF] rec cpu=2 tsc=3682387842 kind=5 id=0 ip=0xffffffff8003afef arg=0x1 sym=dispatchInterrupt
[KPROF] rec cpu=2 tsc=3682387926 kind=5 id=0 ip=0xffffffff8003a602 arg=0x2 sym=interruptStubPrologue
[KPROF] rec cpu=2 tsc=3682479276 kind=4 id=0 ip=0xffffffff8003a61b arg=0x0 sym=interruptStubEpilogue
[KPROF] rec cpu=2 tsc=3682753662 kind=4 id=0 ip=0xffffffff800188fe arg=0x0 sym=tlbShootdownHandler
[KPROF] rec cpu=2 tsc=3682753704 kind=5 id=0 ip=0xffffffff8003afef arg=0x1 sym=dispatchInterrupt
[KPROF] rec cpu=2 tsc=3682753788 kind=5 id=0 ip=0xffffffff8003a602 arg=0x2 sym=interruptStubPrologue
[KPROF] rec cpu=2 tsc=3682845138 kind=4 id=0 ip=0xffffffff8003b018 arg=0x0 sym=dispatchInterrupt
[KPROF] rec cpu=2 tsc=3682845222 kind=5 id=0 ip=0xffffffff8003a602 arg=0x1 sym=interruptStubPrologue
[KPROF] rec cpu=2 tsc=3682948374 kind=4 id=0 ip=0xffffffff80016d80 arg=0x0 sym=stub
[KPROF] rec cpu=2 tsc=3683232462 kind=4 id=0 ip=0xffffffff800188fe arg=0x0 sym=tlbShootdownHandler
[KPROF] rec cpu=2 tsc=3683232630 kind=5 id=0 ip=0xffffffff8003afef arg=0x1 sym=dispatchInterrupt
[KPROF] rec cpu=2 tsc=3683232714 kind=5 id=0 ip=0xffffffff8003a602 arg=0x2 sym=interruptStubPrologue
[KPROF] rec cpu=2 tsc=3683319654 kind=4 id=0 ip=0xffffffff8003b018 arg=0x0 sym=dispatchInterrupt
[KPROF] rec cpu=2 tsc=3683319696 kind=5 id=0 ip=0xffffffff8003a602 arg=0x1 sym=interruptStubPrologue
[KPROF] rec cpu=2 tsc=3683558298 kind=4 id=0 ip=0xffffffff80003dc1 arg=0x0 sym=coreInit
[KPROF] rec cpu=2 tsc=3683663508 kind=4 id=0 ip=0xffffffff800188fe arg=0x0 sym=tlbShootdownHandler
[KPROF] rec cpu=2 tsc=3683663592 kind=5 id=0 ip=0xffffffff8003afef arg=0x1 sym=dispatchInterrupt
[KPROF] rec cpu=2 tsc=3683663634 kind=5 id=0 ip=0xffffffff8003a602 arg=0x2 sym=interruptStubPrologue
[KPROF] rec cpu=2 tsc=3683747172 kind=4 id=0 ip=0xffffffff8003a61b arg=0x0 sym=interruptStubEpilogue
[KPROF] rec cpu=2 tsc=3683984052 kind=4 id=0 ip=0xffffffff800188fb arg=0x0 sym=tlbShootdownHandler
[KPROF] rec cpu=2 tsc=3683984136 kind=5 id=0 ip=0xffffffff8003afef arg=0x1 sym=dispatchInterrupt
[KPROF] rec cpu=2 tsc=3683984178 kind=5 id=0 ip=0xffffffff8003a602 arg=0x2 sym=interruptStubPrologue
[KPROF] rec cpu=2 tsc=3684055872 kind=4 id=0 ip=0xffffffff8003b018 arg=0x0 sym=dispatchInterrupt
[KPROF] rec cpu=2 tsc=3684055914 kind=5 id=0 ip=0xffffffff8003a602 arg=0x1 sym=interruptStubPrologue
[KPROF] rec cpu=2 tsc=3684162090 kind=4 id=0 ip=0xffffffff80016d80 arg=0x0 sym=stub
[KPROF] rec cpu=2 tsc=3684416610 kind=4 id=0 ip=0xffffffff80016d80 arg=0x0 sym=stub
[KPROF] rec cpu=2 tsc=3684517494 kind=4 id=0 ip=0xffffffff8003b018 arg=0x0 sym=dispatchInterrupt
[KPROF] rec cpu=2 tsc=3684517578 kind=5 id=0 ip=0xffffffff8003a602 arg=0x1 sym=interruptStubPrologue
[KPROF] rec cpu=2 tsc=3684606198 kind=4 id=0 ip=0xffffffff80003dc1 arg=0x0 sym=coreInit
[KPROF] cpu_end cpu=2
[KPROF] cpu_begin cpu=3 records=88 overflowed=0
[KPROF] rec cpu=3 tsc=3676299648 kind=4 id=0 ip=0xffffffff80018922 arg=0x0 sym=kprofDumpHandler
[KPROF] rec cpu=3 tsc=3676300068 kind=5 id=0 ip=0xffffffff8003afef arg=0x1 sym=dispatchInterrupt
[KPROF] rec cpu=3 tsc=3676300572 kind=5 id=0 ip=0xffffffff8003a602 arg=0x2 sym=interruptStubPrologue
[KPROF] rec cpu=3 tsc=3676435056 kind=4 id=0 ip=0xffffffff80021820 arg=0x0 sym=maybeExpireTimedWaiters
[KPROF] rec cpu=3 tsc=3676435140 kind=5 id=0 ip=0xffffffff8001903e arg=0x1 sym=schedTimerHandler
[KPROF] rec cpu=3 tsc=3676435224 kind=5 id=0 ip=0xffffffff8003afef arg=0x2 sym=dispatchInterrupt
[KPROF] rec cpu=3 tsc=3676435602 kind=5 id=0 ip=0xffffffff8003a602 arg=0x3 sym=interruptStubPrologue
[KPROF] rec cpu=3 tsc=3677214450 kind=4 id=0 ip=0xffffffff800188fb arg=0x0 sym=tlbShootdownHandler
[KPROF] rec cpu=3 tsc=3677214576 kind=5 id=0 ip=0xffffffff8003afef arg=0x1 sym=dispatchInterrupt
[KPROF] rec cpu=3 tsc=3677214660 kind=5 id=0 ip=0xffffffff8003a602 arg=0x2 sym=interruptStubPrologue
[KPROF] rec cpu=3 tsc=3677290596 kind=4 id=0 ip=0xffffffff800188fe arg=0x0 sym=tlbShootdownHandler
[KPROF] rec cpu=3 tsc=3677290680 kind=5 id=0 ip=0xffffffff8003afef arg=0x1 sym=dispatchInterrupt
[KPROF] rec cpu=3 tsc=3677290764 kind=5 id=0 ip=0xffffffff8003a602 arg=0x2 sym=interruptStubPrologue
[KPROF] rec cpu=3 tsc=3677362122 kind=4 id=0 ip=0xffffffff8003b018 arg=0x0 sym=dispatchInterrupt
[KPROF] rec cpu=3 tsc=3677362164 kind=5 id=0 ip=0xffffffff8003a602 arg=0x1 sym=interruptStubPrologue
[KPROF] rec cpu=3 tsc=3677879520 kind=4 id=0 ip=0xffffffff800188fe arg=0x0 sym=tlbShootdownHandler
[KPROF] rec cpu=3 tsc=3677879604 kind=5 id=0 ip=0xffffffff8003afef arg=0x1 sym=dispatchInterrupt
[KPROF] rec cpu=3 tsc=3677879688 kind=5 id=0 ip=0xffffffff8003a602 arg=0x2 sym=interruptStubPrologue
[KPROF] rec cpu=3 tsc=3677971248 kind=4 id=0 ip=0xffffffff8003b018 arg=0x0 sym=dispatchInterrupt
[KPROF] rec cpu=3 tsc=3677971332 kind=5 id=0 ip=0xffffffff8003a602 arg=0x1 sym=interruptStubPrologue
[KPROF] rec cpu=3 tsc=3678045378 kind=4 id=0 ip=0xffffffff80003dc1 arg=0x0 sym=coreInit
[KPROF] rec cpu=3 tsc=3678326526 kind=4 id=0 ip=0xffffffff80016d80 arg=0x0 sym=stub
[KPROF] rec cpu=3 tsc=3678446016 kind=4 id=0 ip=0xffffffff8003a61b arg=0x0 sym=interruptStubEpilogue
[KPROF] rec cpu=3 tsc=3678754422 kind=4 id=0 ip=0xffffffff8003a61b arg=0x0 sym=interruptStubEpilogue
[KPROF] rec cpu=3 tsc=3678877692 kind=4 id=0 ip=0xffffffff800188fb arg=0x0 sym=tlbShootdownHandler
[KPROF] rec cpu=3 tsc=3678877734 kind=5 id=0 ip=0xffffffff8003afef arg=0x1 sym=dispatchInterrupt
[KPROF] rec cpu=3 tsc=3678877818 kind=5 id=0 ip=0xffffffff8003a602 arg=0x2 sym=interruptStubPrologue
[KPROF] rec cpu=3 tsc=3679152876 kind=4 id=0 ip=0xffffffff8003b018 arg=0x0 sym=dispatchInterrupt
[KPROF] rec cpu=3 tsc=3679152918 kind=5 id=0 ip=0xffffffff8003a602 arg=0x1 sym=interruptStubPrologue
[KPROF] rec cpu=3 tsc=3679243050 kind=4 id=0 ip=0xffffffff80003dc0 arg=0x0 sym=coreInit
[KPROF] rec cpu=3 tsc=3679514958 kind=4 id=0 ip=0xffffffff800188fb arg=0x0 sym=tlbShootdownHandler
[KPROF] rec cpu=3 tsc=3679515042 kind=5 id=0 ip=0xffffffff8003afef arg=0x1 sym=dispatchInterrupt
[KPROF] rec cpu=3 tsc=3679515126 kind=5 id=0 ip=0xffffffff8003a602 arg=0x2 sym=interruptStubPrologue
[KPROF] rec cpu=3 tsc=3679598118 kind=4 id=0 ip=0xffffffff8003b018 arg=0x0 sym=dispatchInterrupt
[KPROF] rec cpu=3 tsc=3679598202 kind=5 id=0 ip=0xffffffff8003a602 arg=0x1 sym=interruptStubPrologue
[KPROF] rec cpu=3 tsc=3679672332 kind=4 id=0 ip=0xffffffff80003dc1 arg=0x0 sym=coreInit
[KPROF] rec cpu=3 tsc=3679915596 kind=4 id=0 ip=0xffffffff800188fb arg=0x0 sym=tlbShootdownHandler
[KPROF] rec cpu=3 tsc=3679915680 kind=5 id=0 ip=0xffffffff8003afef arg=0x1 sym=dispatchInterrupt
[KPROF] rec cpu=3 tsc=3679915722 kind=5 id=0 ip=0xffffffff8003a602 arg=0x2 sym=interruptStubPrologue
[KPROF] rec cpu=3 tsc=3679988592 kind=4 id=0 ip=0xffffffff8003b018 arg=0x0 sym=dispatchInterrupt
[KPROF] rec cpu=3 tsc=3679988634 kind=5 id=0 ip=0xffffffff8003a602 arg=0x1 sym=interruptStubPrologue
[KPROF] rec cpu=3 tsc=3680094138 kind=4 id=0 ip=0xffffffff80016d80 arg=0x0 sym=stub
[KPROF] rec cpu=3 tsc=3680346432 kind=4 id=0 ip=0xffffffff8003a61b arg=0x0 sym=interruptStubEpilogue
[KPROF] rec cpu=3 tsc=3680453196 kind=4 id=0 ip=0xffffffff800188fb arg=0x0 sym=tlbShootdownHandler
[KPROF] rec cpu=3 tsc=3680453280 kind=5 id=0 ip=0xffffffff8003afef arg=0x1 sym=dispatchInterrupt
[KPROF] rec cpu=3 tsc=3680453322 kind=5 id=0 ip=0xffffffff8003a602 arg=0x2 sym=interruptStubPrologue
[KPROF] rec cpu=3 tsc=3680541984 kind=4 id=0 ip=0xffffffff8003b018 arg=0x0 sym=dispatchInterrupt
[KPROF] rec cpu=3 tsc=3680542068 kind=5 id=0 ip=0xffffffff8003a602 arg=0x1 sym=interruptStubPrologue
[KPROF] rec cpu=3 tsc=3680779116 kind=4 id=0 ip=0xffffffff80016d80 arg=0x0 sym=stub
[KPROF] rec cpu=3 tsc=3680866098 kind=4 id=0 ip=0xffffffff8003a61b arg=0x0 sym=interruptStubEpilogue
[KPROF] rec cpu=3 tsc=3681135360 kind=4 id=0 ip=0xffffffff80016d80 arg=0x0 sym=stub
[KPROF] rec cpu=3 tsc=3681222090 kind=4 id=0 ip=0xffffffff8003a61b arg=0x0 sym=interruptStubEpilogue
[KPROF] rec cpu=3 tsc=3681329610 kind=4 id=0 ip=0xffffffff800188fb arg=0x0 sym=tlbShootdownHandler
[KPROF] rec cpu=3 tsc=3681329652 kind=5 id=0 ip=0xffffffff8003afef arg=0x1 sym=dispatchInterrupt
[KPROF] rec cpu=3 tsc=3681329736 kind=5 id=0 ip=0xffffffff8003a602 arg=0x2 sym=interruptStubPrologue
[KPROF] rec cpu=3 tsc=3681575856 kind=4 id=0 ip=0xffffffff8003b018 arg=0x0 sym=dispatchInterrupt
[KPROF] rec cpu=3 tsc=3681575898 kind=5 id=0 ip=0xffffffff8003a602 arg=0x1 sym=interruptStubPrologue
[KPROF] rec cpu=3 tsc=3681666114 kind=4 id=0 ip=0xffffffff80003dc1 arg=0x0 sym=coreInit
[KPROF] rec cpu=3 tsc=3681743898 kind=4 id=0 ip=0xffffffff80003dc1 arg=0x0 sym=coreInit
[KPROF] rec cpu=3 tsc=3682009212 kind=4 id=0 ip=0xffffffff800188fb arg=0x0 sym=tlbShootdownHandler
[KPROF] rec cpu=3 tsc=3682009296 kind=5 id=0 ip=0xffffffff8003afef arg=0x1 sym=dispatchInterrupt
[KPROF] rec cpu=3 tsc=3682009380 kind=5 id=0 ip=0xffffffff8003a602 arg=0x2 sym=interruptStubPrologue
[KPROF] rec cpu=3 tsc=3682091322 kind=4 id=0 ip=0xffffffff8003b018 arg=0x0 sym=dispatchInterrupt
[KPROF] rec cpu=3 tsc=3682091364 kind=5 id=0 ip=0xffffffff8003a602 arg=0x1 sym=interruptStubPrologue
[KPROF] rec cpu=3 tsc=3682328160 kind=4 id=0 ip=0xffffffff80016d80 arg=0x0 sym=stub
[KPROF] rec cpu=3 tsc=3682423458 kind=4 id=0 ip=0xffffffff8003a61b arg=0x0 sym=interruptStubEpilogue
[KPROF] rec cpu=3 tsc=3682520184 kind=4 id=0 ip=0xffffffff80016d80 arg=0x0 sym=stub
[KPROF] rec cpu=3 tsc=3682776636 kind=4 id=0 ip=0xffffffff8003a61b arg=0x0 sym=interruptStubEpilogue
[KPROF] rec cpu=3 tsc=3682885038 kind=4 id=0 ip=0xffffffff800188fb arg=0x0 sym=tlbShootdownHandler
[KPROF] rec cpu=3 tsc=3682885080 kind=5 id=0 ip=0xffffffff8003afef arg=0x1 sym=dispatchInterrupt
[KPROF] rec cpu=3 tsc=3682885164 kind=5 id=0 ip=0xffffffff8003a602 arg=0x2 sym=interruptStubPrologue
[KPROF] rec cpu=3 tsc=3683178240 kind=4 id=0 ip=0xffffffff8003b018 arg=0x0 sym=dispatchInterrupt
[KPROF] rec cpu=3 tsc=3683178324 kind=5 id=0 ip=0xffffffff8003a602 arg=0x1 sym=interruptStubPrologue
[KPROF] rec cpu=3 tsc=3683262366 kind=4 id=0 ip=0xffffffff80003dc1 arg=0x0 sym=coreInit
[KPROF] rec cpu=3 tsc=3683362746 kind=4 id=0 ip=0xffffffff80016d80 arg=0x0 sym=stub
[KPROF] rec cpu=3 tsc=3683613864 kind=4 id=0 ip=0xffffffff8003b018 arg=0x0 sym=dispatchInterrupt
[KPROF] rec cpu=3 tsc=3683613948 kind=5 id=0 ip=0xffffffff8003a602 arg=0x1 sym=interruptStubPrologue
[KPROF] rec cpu=3 tsc=3683686524 kind=4 id=0 ip=0xffffffff80003dc1 arg=0x0 sym=coreInit
[KPROF] rec cpu=3 tsc=3683790012 kind=4 id=0 ip=0xffffffff800188fb arg=0x0 sym=tlbShootdownHandler
[KPROF] rec cpu=3 tsc=3683790096 kind=5 id=0 ip=0xffffffff8003afef arg=0x1 sym=dispatchInterrupt
[KPROF] rec cpu=3 tsc=3683790138 kind=5 id=0 ip=0xffffffff8003a602 arg=0x2 sym=interruptStubPrologue
[KPROF] rec cpu=3 tsc=3684025296 kind=4 id=0 ip=0xffffffff8003b018 arg=0x0 sym=dispatchInterrupt
[KPROF] rec cpu=3 tsc=3684025380 kind=5 id=0 ip=0xffffffff8003a602 arg=0x1 sym=interruptStubPrologue
[KPROF] rec cpu=3 tsc=3684116982 kind=4 id=0 ip=0xffffffff80016d80 arg=0x0 sym=stub
[KPROF] rec cpu=3 tsc=3684403548 kind=4 id=0 ip=0xffffffff8003b018 arg=0x0 sym=dispatchInterrupt
[KPROF] rec cpu=3 tsc=3684403632 kind=5 id=0 ip=0xffffffff8003a602 arg=0x1 sym=interruptStubPrologue
[KPROF] rec cpu=3 tsc=3684469740 kind=4 id=0 ip=0xffffffff80016d80 arg=0x0 sym=stub
[KPROF] rec cpu=3 tsc=3684583686 kind=4 id=0 ip=0xffffffff8003a61b arg=0x0 sym=interruptStubEpilogue
[KPROF] cpu_end cpu=3
[KPROF] done
